<?xml version="1.0" encoding="UTF-8"?>
<!-- Generated by org.testng.reporters.JUnitReportReporter -->
<testsuite hostname="DESKTOP-NKAQOC0" failures="0" tests="4" name="TextCases.Tc02DataProvidertest" time="10.253" errors="0" timestamp="2023-05-30T11:24:39 IST" skipped="0">
  <testcase classname="TextCases.Tc02DataProvidertest" name="logIn" time="2.126"/>
  <system-out/>
  <testcase classname="TextCases.Tc02DataProvidertest" name="logIn" time="2.695"/>
  <system-out/>
  <testcase classname="TextCases.Tc02DataProvidertest" name="logIn" time="2.302"/>
  <system-out/>
  <testcase classname="TextCases.Tc02DataProvidertest" name="logIn" time="3.130"/>
  <system-out/>
</testsuite> <!-- TextCases.Tc02DataProvidertest -->
