<?xml version="1.0" encoding="UTF-8"?>
<!-- Generated by org.testng.reporters.JUnitReportReporter -->
<testsuite hostname="DESKTOP-NKAQOC0" failures="0" tests="3" name="TextCases.MercurytoursPOMTest" time="8.879" errors="0" timestamp="2023-06-01T11:25:01 IST" skipped="0">
  <testcase classname="TextCases.MercurytoursPOMTest" name="Login" time="2.058"/>
  <system-out/>
  <testcase classname="TextCases.MercurytoursPOMTest" name="register" time="3.037"/>
  <system-out/>
  <testcase classname="TextCases.MercurytoursPOMTest" name="flightBooking" time="3.784"/>
  <system-out/>
</testsuite> <!-- TextCases.MercurytoursPOMTest -->
