<?xml version="1.0" encoding="UTF-8"?>
<!-- Generated by org.testng.reporters.JUnitReportReporter -->
<testsuite hostname="DESKTOP-NKAQOC0" failures="0" tests="4" name="TextCases.Musafir" time="19.853" errors="0" timestamp="2023-05-29T11:00:58 IST" skipped="0">
  <testcase classname="TextCases.Musafir" name="logIn3" time="5.601"/>
  <system-out/>
  <testcase classname="TextCases.Musafir" name="logIn2" time="3.769"/>
  <system-out/>
  <testcase classname="TextCases.Musafir" name="logIn1" time="6.668"/>
  <system-out/>
  <testcase classname="TextCases.Musafir" name="paymentPage" time="3.815"/>
  <system-out/>
</testsuite> <!-- TextCases.Musafir -->
