<?xml version="1.0" encoding="UTF-8"?>
<!-- Generated by org.testng.reporters.JUnitReportReporter -->
<testsuite hostname="DESKTOP-NKAQOC0" failures="0" tests="1" name="TextCases.LoginTest" time="2.367" errors="0" timestamp="2023-05-26T10:56:52 IST" skipped="0">
  <testcase classname="TextCases.LoginTest" name="logIn" time="2.367"/>
  <system-out/>
</testsuite> <!-- TextCases.LoginTest -->
