<?xml version="1.0" encoding="UTF-8"?>
<!-- Generated by org.testng.reporters.JUnitReportReporter -->
<testsuite hostname="DESKTOP-NKAQOC0" failures="0" tests="6" name="TextCases.LogiInTestParameters" time="11.750" errors="0" timestamp="2023-05-26T11:30:27 IST" skipped="1">
  <testcase classname="TextCases.LogiInTestParameters" name="login1" time="2.209"/>
  <system-out/>
  <testcase classname="TextCases.LogiInTestParameters" name="login1" time="2.101"/>
  <system-out/>
  <testcase classname="TextCases.LogiInTestParameters" name="login1" time="2.071"/>
  <system-out/>
  <testcase classname="TextCases.LogiInTestParameters" name="login2" time="2.055"/>
  <system-out/>
  <testcase classname="TextCases.LogiInTestParameters" name="login4" time="3.314"/>
  <system-out/>
  <testcase classname="TextCases.LogiInTestParameters" name="login3">
    <skipped/>
  </testcase> <!-- login3 -->
  <system-out/>
</testsuite> <!-- TextCases.LogiInTestParameters -->
