<?xml version="1.0" encoding="UTF-8"?>
<!-- Generated by org.testng.reporters.JUnitReportReporter -->
<testsuite hostname="DESKTOP-NKAQOC0" failures="0" tests="2" name="TextCases.Tc04CrossBrowserTest" time="10.514" errors="0" timestamp="2023-05-31T11:26:59 IST" skipped="0">
  <testcase classname="TextCases.Tc04CrossBrowserTest" name="logIn" time="4.563"/>
  <system-out/>
  <testcase classname="TextCases.Tc04CrossBrowserTest" name="logIn" time="5.951"/>
  <system-out/>
</testsuite> <!-- TextCases.Tc04CrossBrowserTest -->
