<?xml version="1.0" encoding="UTF-8"?>
<!-- Generated by org.testng.reporters.JUnitReportReporter -->
<testsuite hostname="DESKTOP-NKAQOC0" failures="0" tests="2" name="TextCases.AllAnnoations" time="0.048" errors="0" timestamp="2023-05-25T11:46:03 IST" skipped="0">
  <testcase classname="TextCases.AllAnnoations" name="sampleTestMethod2" time="0.017"/>
  <system-out/>
  <testcase classname="TextCases.AllAnnoations" name="sampleTestMethod1" time="0.031"/>
  <system-out/>
</testsuite> <!-- TextCases.AllAnnoations -->
